[2024-09-27T20:43:12.227+0000] {manager.py:483} INFO - Processing files using up to 2 processes at a time 
[2024-09-27T20:43:12.228+0000] {manager.py:484} INFO - Process each file at most once every 30 seconds
[2024-09-27T20:43:12.228+0000] {manager.py:485} INFO - Checking for new files in /opt/airflow/dags every 300 seconds
[2024-09-27T20:43:12.228+0000] {manager.py:821} INFO - Searching for files in /opt/airflow/dags
[2024-09-27T20:43:12.230+0000] {manager.py:824} INFO - There are 0 files in /opt/airflow/dags
[2024-09-27T20:48:13.216+0000] {manager.py:821} INFO - Searching for files in /opt/airflow/dags
[2024-09-27T20:48:13.219+0000] {manager.py:824} INFO - There are 0 files in /opt/airflow/dags
[2024-09-27T20:53:13.216+0000] {manager.py:821} INFO - Searching for files in /opt/airflow/dags
[2024-09-27T20:53:13.220+0000] {manager.py:824} INFO - There are 0 files in /opt/airflow/dags
[2024-09-27T20:58:14.189+0000] {manager.py:821} INFO - Searching for files in /opt/airflow/dags
[2024-09-27T20:58:14.196+0000] {manager.py:824} INFO - There are 0 files in /opt/airflow/dags
[2024-09-27T21:03:15.191+0000] {manager.py:821} INFO - Searching for files in /opt/airflow/dags
[2024-09-27T21:03:15.194+0000] {manager.py:824} INFO - There are 0 files in /opt/airflow/dags
[2024-09-27T21:08:15.228+0000] {manager.py:821} INFO - Searching for files in /opt/airflow/dags
[2024-09-27T21:08:15.232+0000] {manager.py:824} INFO - There are 0 files in /opt/airflow/dags
[2024-09-27T21:13:16.014+0000] {manager.py:821} INFO - Searching for files in /opt/airflow/dags
[2024-09-27T21:13:16.017+0000] {manager.py:824} INFO - There are 0 files in /opt/airflow/dags
[2024-09-27T21:18:16.942+0000] {manager.py:821} INFO - Searching for files in /opt/airflow/dags
[2024-09-27T21:18:16.945+0000] {manager.py:824} INFO - There are 0 files in /opt/airflow/dags
[2024-09-27T21:23:17.184+0000] {manager.py:821} INFO - Searching for files in /opt/airflow/dags
[2024-09-27T21:23:17.187+0000] {manager.py:824} INFO - There are 0 files in /opt/airflow/dags
[2024-09-27T21:28:18.087+0000] {manager.py:821} INFO - Searching for files in /opt/airflow/dags
[2024-09-27T21:28:18.092+0000] {manager.py:824} INFO - There are 0 files in /opt/airflow/dags
[2024-09-27T21:33:18.135+0000] {manager.py:821} INFO - Searching for files in /opt/airflow/dags
[2024-09-27T21:33:18.137+0000] {manager.py:824} INFO - There are 0 files in /opt/airflow/dags
[2024-09-27T21:38:19.101+0000] {manager.py:821} INFO - Searching for files in /opt/airflow/dags
[2024-09-27T21:38:19.104+0000] {manager.py:824} INFO - There are 0 files in /opt/airflow/dags
[2024-09-27T21:43:19.216+0000] {manager.py:821} INFO - Searching for files in /opt/airflow/dags
[2024-09-27T21:43:19.220+0000] {manager.py:824} INFO - There are 0 files in /opt/airflow/dags
[2024-09-27T21:48:19.234+0000] {manager.py:821} INFO - Searching for files in /opt/airflow/dags
[2024-09-27T21:48:19.236+0000] {manager.py:824} INFO - There are 0 files in /opt/airflow/dags
[2024-09-27T21:53:19.328+0000] {manager.py:821} INFO - Searching for files in /opt/airflow/dags
[2024-09-27T21:53:19.330+0000] {manager.py:824} INFO - There are 0 files in /opt/airflow/dags
[2024-09-27T21:58:19.385+0000] {manager.py:821} INFO - Searching for files in /opt/airflow/dags
[2024-09-27T21:58:19.391+0000] {manager.py:824} INFO - There are 0 files in /opt/airflow/dags
[2024-09-27T22:03:20.319+0000] {manager.py:821} INFO - Searching for files in /opt/airflow/dags
[2024-09-27T22:03:20.323+0000] {manager.py:824} INFO - There are 0 files in /opt/airflow/dags
[2024-09-27T22:08:20.320+0000] {manager.py:821} INFO - Searching for files in /opt/airflow/dags
[2024-09-27T22:08:20.323+0000] {manager.py:824} INFO - There are 0 files in /opt/airflow/dags
